<?xml version="1.0" encoding="UTF-8"?>
<!-- Generated by org.testng.reporters.JUnitReportReporter -->
<testsuite hostname="Kundan" failures="0" tests="6" name="mytests.PriorityTest" time="0.024" errors="0" timestamp="2024-09-09T05:58:53 IST" skipped="0">
  <testcase classname="mytests.PriorityTest" name="searchTest" time="0.011"/>
  <system-out/>
  <testcase classname="mytests.PriorityTest" name="paymentTest" time="0.001"/>
  <system-out/>
  <testcase classname="mytests.PriorityTest" name="cartTest" time="0.001"/>
  <system-out/>
  <testcase classname="mytests.PriorityTest" name="bTest" time="0.002"/>
  <system-out/>
  <testcase classname="mytests.PriorityTest" name="aTest" time="0.008"/>
  <system-out/>
  <testcase classname="mytests.PriorityTest" name="cTest" time="0.001"/>
  <system-out/>
</testsuite> <!-- mytests.PriorityTest -->
