<?xml version="1.0" encoding="UTF-8"?>
<!-- Generated by org.testng.reporters.JUnitReportReporter -->
<testsuite hostname="Kundan" failures="0" tests="2" name="UITests.GoogleTest" time="0.055" errors="0" timestamp="2024-09-10T09:53:34 IST" skipped="0">
  <testcase classname="UITests.GoogleTest" name="pageTitleTest" time="0.037"/>
  <system-out/>
  <testcase classname="UITests.GoogleTest" name="pageURLTest" time="0.018"/>
  <system-out/>
</testsuite> <!-- UITests.GoogleTest -->
