<?xml version="1.0" encoding="UTF-8"?>
<!-- Generated by org.testng.reporters.JUnitReportReporter -->
<testsuite hostname="Kundan" failures="0" tests="1" name="mytests.ExpectedExceptionConcept" time="0.007" errors="0" timestamp="2024-09-09T06:00:29 IST" skipped="0">
  <testcase classname="mytests.ExpectedExceptionConcept" name="paymentTest" time="0.007"/>
  <system-out/>
</testsuite> <!-- mytests.ExpectedExceptionConcept -->
