<?xml version="1.0" encoding="UTF-8"?>
<!-- Generated by org.testng.reporters.JUnitReportReporter -->
<testsuite hostname="Kundan" failures="0" tests="3" name="mytests.TestNGFeatures" time="0.008" errors="0" timestamp="2024-09-05T05:40:03 IST" skipped="0">
  <testcase classname="mytests.TestNGFeatures" name="searchTest1" time="0.005"/>
  <system-out/>
  <testcase classname="mytests.TestNGFeatures" name="searchTest2" time="0.002"/>
  <system-out/>
  <testcase classname="mytests.TestNGFeatures" name="searchTest3" time="0.001"/>
  <system-out/>
</testsuite> <!-- mytests.TestNGFeatures -->
