<?xml version="1.0" encoding="UTF-8"?>
<!-- Generated by org.testng.reporters.JUnitReportReporter -->
<testsuite hostname="Kundan" failures="0" tests="20" name="mytests.InvocationCountConcept" time="0.036" errors="0" timestamp="2024-09-09T05:59:48 IST" skipped="0">
  <testcase classname="mytests.InvocationCountConcept" name="paymentTest" time="0.009"/>
  <system-out/>
  <testcase classname="mytests.InvocationCountConcept" name="paymentTest" time="0.001"/>
  <system-out/>
  <testcase classname="mytests.InvocationCountConcept" name="paymentTest" time="0.001"/>
  <system-out/>
  <testcase classname="mytests.InvocationCountConcept" name="paymentTest" time="0.001"/>
  <system-out/>
  <testcase classname="mytests.InvocationCountConcept" name="paymentTest" time="0.001"/>
  <system-out/>
  <testcase classname="mytests.InvocationCountConcept" name="paymentTest" time="0.002"/>
  <system-out/>
  <testcase classname="mytests.InvocationCountConcept" name="paymentTest" time="0.002"/>
  <system-out/>
  <testcase classname="mytests.InvocationCountConcept" name="paymentTest" time="0.001"/>
  <system-out/>
  <testcase classname="mytests.InvocationCountConcept" name="paymentTest" time="0.001"/>
  <system-out/>
  <testcase classname="mytests.InvocationCountConcept" name="paymentTest" time="0.000"/>
  <system-out/>
  <testcase classname="mytests.InvocationCountConcept" name="cartTest" time="0.003"/>
  <system-out/>
  <testcase classname="mytests.InvocationCountConcept" name="cartTest" time="0.001"/>
  <system-out/>
  <testcase classname="mytests.InvocationCountConcept" name="cartTest" time="0.002"/>
  <system-out/>
  <testcase classname="mytests.InvocationCountConcept" name="cartTest" time="0.001"/>
  <system-out/>
  <testcase classname="mytests.InvocationCountConcept" name="cartTest" time="0.001"/>
  <system-out/>
  <testcase classname="mytests.InvocationCountConcept" name="cartTest" time="0.005"/>
  <system-out/>
  <testcase classname="mytests.InvocationCountConcept" name="cartTest" time="0.001"/>
  <system-out/>
  <testcase classname="mytests.InvocationCountConcept" name="cartTest" time="0.001"/>
  <system-out/>
  <testcase classname="mytests.InvocationCountConcept" name="cartTest" time="0.001"/>
  <system-out/>
  <testcase classname="mytests.InvocationCountConcept" name="cartTest" time="0.001"/>
  <system-out/>
</testsuite> <!-- mytests.InvocationCountConcept -->
